[INFO] Scanning for projects...
[INFO] ------------------------------------------------------------------------
[INFO] Reactor Build Order:
[INFO] 
[INFO] PluginExpress
[INFO] CORS Plugin
[INFO] Route Metadata Plugin
[INFO] Cache-Control Plugin
[INFO] Metrics Plugin
[INFO] Swagger Plugin
[INFO] State-Change Plugin
[INFO] HyperExpress Linking Plugin
[INFO] X-Security Plugin
[INFO]                                                                         
[INFO] ------------------------------------------------------------------------
[INFO] Building PluginExpress 0.2.4-SNAPSHOT
[INFO] ------------------------------------------------------------------------
[INFO] 
[INFO] --- maven-clean-plugin:2.5:clean (default-clean) @ PluginExpress-Parent ---
[INFO] 
[INFO] --- maven-enforcer-plugin:1.0:enforce (enforce-maven) @ PluginExpress-Parent ---
[INFO] 
[INFO] >>> maven-source-plugin:2.2.1:jar (attach-sources) @ PluginExpress-Parent >>>
[INFO] 
[INFO] --- maven-enforcer-plugin:1.0:enforce (enforce-maven) @ PluginExpress-Parent ---
[INFO] 
[INFO] <<< maven-source-plugin:2.2.1:jar (attach-sources) @ PluginExpress-Parent <<<
[INFO] 
[INFO] --- maven-source-plugin:2.2.1:jar (attach-sources) @ PluginExpress-Parent ---
[INFO] 
[INFO] --- maven-javadoc-plugin:2.9:jar (attach-javadocs) @ PluginExpress-Parent ---
[INFO] Not executing Javadoc as the project is not a Java classpath-capable package
[INFO]                                                                         
[INFO] ------------------------------------------------------------------------
[INFO] Building CORS Plugin 0.2.4-SNAPSHOT
[INFO] ------------------------------------------------------------------------
[INFO] 
[INFO] --- maven-clean-plugin:2.5:clean (default-clean) @ CORSPlugin ---
[INFO] Deleting /Users/millcj6/src/git/PluginExpress/cors/target
[INFO] 
[INFO] --- maven-enforcer-plugin:1.0:enforce (enforce-maven) @ CORSPlugin ---
[INFO] 
[INFO] --- maven-resources-plugin:2.6:resources (default-resources) @ CORSPlugin ---
[INFO] Using 'UTF-8' encoding to copy filtered resources.
[INFO] skip non existing resourceDirectory /Users/millcj6/src/git/PluginExpress/cors/src/main/resources
[INFO] 
[INFO] --- maven-compiler-plugin:3.0:compile (default-compile) @ CORSPlugin ---
[INFO] Changes detected - recompiling the module!
[INFO] Compiling 2 source files to /Users/millcj6/src/git/PluginExpress/cors/target/classes
[INFO] 
[INFO] --- maven-resources-plugin:2.6:testResources (default-testResources) @ CORSPlugin ---
[INFO] Using 'UTF-8' encoding to copy filtered resources.
[INFO] skip non existing resourceDirectory /Users/millcj6/src/git/PluginExpress/cors/src/test/resources
[INFO] 
[INFO] --- maven-compiler-plugin:3.0:testCompile (default-testCompile) @ CORSPlugin ---
[INFO] Changes detected - recompiling the module!
[INFO] Compiling 1 source file to /Users/millcj6/src/git/PluginExpress/cors/target/test-classes
[INFO] 
[INFO] --- maven-surefire-plugin:2.12.4:test (default-test) @ CORSPlugin ---
[INFO] Surefire report directory: /Users/millcj6/src/git/PluginExpress/cors/target/surefire-reports

-------------------------------------------------------
 T E S T S
-------------------------------------------------------
Running com.strategicgains.restexpress.plugin.cors.CorsPluginTest
RestExpress server listening on port 8888
OPTIONS http://localhost:8888/cors/plugin/test/1 threw exception: MethodNotAllowedException
MethodNotAllowedException (91ad5c0c-72fb-4cd9-ae0d-13597c88bcb4): 405 Method Not Allowed, http://localhost:8888/cors/plugin/test/1
	at org.restexpress.route.RouteResolver.resolve(RouteResolver.java:57)
	at org.restexpress.pipeline.DefaultRequestHandler.resolveRoute(DefaultRequestHandler.java:232)
	at org.restexpress.pipeline.DefaultRequestHandler.messageReceived(DefaultRequestHandler.java:124)
	at org.jboss.netty.channel.SimpleChannelUpstreamHandler.handleUpstream(SimpleChannelUpstreamHandler.java:70)
	at org.jboss.netty.channel.DefaultChannelPipeline.sendUpstream(DefaultChannelPipeline.java:564)
	at org.jboss.netty.channel.DefaultChannelPipeline$DefaultChannelHandlerContext.sendUpstream(DefaultChannelPipeline.java:791)
	at org.jboss.netty.handler.execution.ChannelUpstreamEventRunnable.doRun(ChannelUpstreamEventRunnable.java:43)
	at org.jboss.netty.handler.execution.ChannelEventRunnable.run(ChannelEventRunnable.java:67)
	at org.jboss.netty.handler.execution.OrderedMemoryAwareThreadPoolExecutor$ChildExecutor.run(OrderedMemoryAwareThreadPoolExecutor.java:314)
	at java.util.concurrent.ThreadPoolExecutor.runWorker(ThreadPoolExecutor.java:1145)
	at java.util.concurrent.ThreadPoolExecutor$Worker.run(ThreadPoolExecutor.java:615)
	at java.lang.Thread.run(Thread.java:724)
OPTIONS http://localhost:8888/cors/plugin/test/1 responded with 405 Method Not Allowed in 34ms
OPTIONS http://localhost:8888/cors/plugin/test2 threw exception: MethodNotAllowedException
MethodNotAllowedException (768e2798-2e4e-4a43-b467-2bf6b04aef2e): 405 Method Not Allowed, http://localhost:8888/cors/plugin/test2
	at org.restexpress.route.RouteResolver.resolve(RouteResolver.java:57)
	at org.restexpress.pipeline.DefaultRequestHandler.resolveRoute(DefaultRequestHandler.java:232)
	at org.restexpress.pipeline.DefaultRequestHandler.messageReceived(DefaultRequestHandler.java:124)
	at org.jboss.netty.channel.SimpleChannelUpstreamHandler.handleUpstream(SimpleChannelUpstreamHandler.java:70)
	at org.jboss.netty.channel.DefaultChannelPipeline.sendUpstream(DefaultChannelPipeline.java:564)
	at org.jboss.netty.channel.DefaultChannelPipeline$DefaultChannelHandlerContext.sendUpstream(DefaultChannelPipeline.java:791)
	at org.jboss.netty.handler.execution.ChannelUpstreamEventRunnable.doRun(ChannelUpstreamEventRunnable.java:43)
	at org.jboss.netty.handler.execution.ChannelEventRunnable.run(ChannelEventRunnable.java:67)
	at org.jboss.netty.handler.execution.OrderedMemoryAwareThreadPoolExecutor$ChildExecutor.run(OrderedMemoryAwareThreadPoolExecutor.java:314)
	at java.util.concurrent.ThreadPoolExecutor.runWorker(ThreadPoolExecutor.java:1145)
	at java.util.concurrent.ThreadPoolExecutor$Worker.run(ThreadPoolExecutor.java:615)
	at java.lang.Thread.run(Thread.java:724)
OPTIONS http://localhost:8888/cors/plugin/test2 responded with 405 Method Not Allowed in 2ms
RestExpress server listening on port 8888
OPTIONS http://localhost:8888/c/plugin/t/42.json responded with 200 OK in 2ms
RestExpress server listening on port 8888
OPTIONS http://localhost:8888/cors/plugin/test/1 responded with 200 OK in 0ms
RestExpress server listening on port 8888
OPTIONS http://localhost:8888/cors/plugin/test2 responded with 200 OK in 1ms
OPTIONS http://localhost:8888/cors/plugin/test/1 responded with 200 OK in 1ms
RestExpress server listening on port 8888
OPTIONS http://localhost:8888/c/plugin/t/42 responded with 200 OK in 1ms
RestExpress server listening on port 8888
OPTIONS http://localhost:8888/cors/plugin/test2 responded with 200 OK in 0ms
RestExpress server listening on port 8888
OPTIONS http://localhost:8888/cors/plugin/test3/42.json responded with 200 OK in 1ms
Tests run: 7, Failures: 0, Errors: 0, Skipped: 0, Time elapsed: 0.935 sec

Results :

Tests run: 7, Failures: 0, Errors: 0, Skipped: 0

[INFO] 
[INFO] --- maven-jar-plugin:2.4:jar (default-jar) @ CORSPlugin ---
[INFO] Building jar: /Users/millcj6/src/git/PluginExpress/cors/target/CORSPlugin-0.2.4-SNAPSHOT.jar
[INFO] 
[INFO] >>> maven-source-plugin:2.2.1:jar (attach-sources) @ CORSPlugin >>>
[INFO] 
[INFO] --- maven-enforcer-plugin:1.0:enforce (enforce-maven) @ CORSPlugin ---
[INFO] 
[INFO] <<< maven-source-plugin:2.2.1:jar (attach-sources) @ CORSPlugin <<<
[INFO] 
[INFO] --- maven-source-plugin:2.2.1:jar (attach-sources) @ CORSPlugin ---
[INFO] Building jar: /Users/millcj6/src/git/PluginExpress/cors/target/CORSPlugin-0.2.4-SNAPSHOT-sources.jar
[INFO] 
[INFO] --- maven-javadoc-plugin:2.9:jar (attach-javadocs) @ CORSPlugin ---
[INFO] 
Loading source files for package com.strategicgains.restexpress.plugin.cors...
Constructing Javadoc information...
Standard Doclet version 1.7.0_25
Building tree for all the packages and classes...
Generating /Users/millcj6/src/git/PluginExpress/cors/target/apidocs/com/strategicgains/restexpress/plugin/cors/CorsConfig.html...
Generating /Users/millcj6/src/git/PluginExpress/cors/target/apidocs/com/strategicgains/restexpress/plugin/cors/CorsHeaderPlugin.html...
Generating /Users/millcj6/src/git/PluginExpress/cors/target/apidocs/com/strategicgains/restexpress/plugin/cors/package-frame.html...
Generating /Users/millcj6/src/git/PluginExpress/cors/target/apidocs/com/strategicgains/restexpress/plugin/cors/package-summary.html...
Generating /Users/millcj6/src/git/PluginExpress/cors/target/apidocs/com/strategicgains/restexpress/plugin/cors/package-tree.html...
Generating /Users/millcj6/src/git/PluginExpress/cors/target/apidocs/constant-values.html...
Generating /Users/millcj6/src/git/PluginExpress/cors/target/apidocs/com/strategicgains/restexpress/plugin/cors/class-use/CorsHeaderPlugin.html...
Generating /Users/millcj6/src/git/PluginExpress/cors/target/apidocs/com/strategicgains/restexpress/plugin/cors/class-use/CorsConfig.html...
Generating /Users/millcj6/src/git/PluginExpress/cors/target/apidocs/com/strategicgains/restexpress/plugin/cors/package-use.html...
Building index for all the packages and classes...
Generating /Users/millcj6/src/git/PluginExpress/cors/target/apidocs/overview-tree.html...
Generating /Users/millcj6/src/git/PluginExpress/cors/target/apidocs/index-all.html...
Generating /Users/millcj6/src/git/PluginExpress/cors/target/apidocs/deprecated-list.html...
Building index for all classes...
Generating /Users/millcj6/src/git/PluginExpress/cors/target/apidocs/allclasses-frame.html...
Generating /Users/millcj6/src/git/PluginExpress/cors/target/apidocs/allclasses-noframe.html...
Generating /Users/millcj6/src/git/PluginExpress/cors/target/apidocs/index.html...
Generating /Users/millcj6/src/git/PluginExpress/cors/target/apidocs/help-doc.html...
2 warnings
[WARNING] Javadoc Warnings
[WARNING] /Users/millcj6/src/git/PluginExpress/cors/src/main/java/com/strategicgains/restexpress/plugin/cors/CorsHeaderPlugin.java:84: warning - @return tag has no arguments.
[WARNING] /Users/millcj6/src/git/PluginExpress/cors/src/main/java/com/strategicgains/restexpress/plugin/cors/CorsHeaderPlugin.java:98: warning - @return tag has no arguments.
[INFO] Building jar: /Users/millcj6/src/git/PluginExpress/cors/target/CORSPlugin-0.2.4-SNAPSHOT-javadoc.jar
[INFO]                                                                         
[INFO] ------------------------------------------------------------------------
[INFO] Building Route Metadata Plugin 0.2.4-SNAPSHOT
[INFO] ------------------------------------------------------------------------
[INFO] 
[INFO] --- maven-clean-plugin:2.5:clean (default-clean) @ RoutesMetadataPlugin ---
[INFO] Deleting /Users/millcj6/src/git/PluginExpress/routes/target
[INFO] 
[INFO] --- maven-enforcer-plugin:1.0:enforce (enforce-maven) @ RoutesMetadataPlugin ---
[INFO] 
[INFO] --- maven-resources-plugin:2.6:resources (default-resources) @ RoutesMetadataPlugin ---
[INFO] Using 'UTF-8' encoding to copy filtered resources.
[INFO] skip non existing resourceDirectory /Users/millcj6/src/git/PluginExpress/routes/src/main/resources
[INFO] 
[INFO] --- maven-compiler-plugin:3.0:compile (default-compile) @ RoutesMetadataPlugin ---
[INFO] Changes detected - recompiling the module!
[INFO] Compiling 2 source files to /Users/millcj6/src/git/PluginExpress/routes/target/classes
[INFO] 
[INFO] --- maven-resources-plugin:2.6:testResources (default-testResources) @ RoutesMetadataPlugin ---
[INFO] Using 'UTF-8' encoding to copy filtered resources.
[INFO] skip non existing resourceDirectory /Users/millcj6/src/git/PluginExpress/routes/src/test/resources
[INFO] 
[INFO] --- maven-compiler-plugin:3.0:testCompile (default-testCompile) @ RoutesMetadataPlugin ---
[INFO] No sources to compile
[INFO] 
[INFO] --- maven-surefire-plugin:2.12.4:test (default-test) @ RoutesMetadataPlugin ---
[INFO] No tests to run.
[INFO] 
[INFO] --- maven-jar-plugin:2.4:jar (default-jar) @ RoutesMetadataPlugin ---
[INFO] Building jar: /Users/millcj6/src/git/PluginExpress/routes/target/RoutesMetadataPlugin-0.2.4-SNAPSHOT.jar
[INFO] 
[INFO] >>> maven-source-plugin:2.2.1:jar (attach-sources) @ RoutesMetadataPlugin >>>
[INFO] 
[INFO] --- maven-enforcer-plugin:1.0:enforce (enforce-maven) @ RoutesMetadataPlugin ---
[INFO] 
[INFO] <<< maven-source-plugin:2.2.1:jar (attach-sources) @ RoutesMetadataPlugin <<<
[INFO] 
[INFO] --- maven-source-plugin:2.2.1:jar (attach-sources) @ RoutesMetadataPlugin ---
[INFO] Building jar: /Users/millcj6/src/git/PluginExpress/routes/target/RoutesMetadataPlugin-0.2.4-SNAPSHOT-sources.jar
[INFO] 
[INFO] --- maven-javadoc-plugin:2.9:jar (attach-javadocs) @ RoutesMetadataPlugin ---
[INFO] 
Loading source files for package com.strategicgains.restexpress.plugin.route...
Constructing Javadoc information...
Standard Doclet version 1.7.0_25
Building tree for all the packages and classes...
Generating /Users/millcj6/src/git/PluginExpress/routes/target/apidocs/com/strategicgains/restexpress/plugin/route/RouteMetadataController.html...
Generating /Users/millcj6/src/git/PluginExpress/routes/target/apidocs/com/strategicgains/restexpress/plugin/route/RoutesMetadataPlugin.html...
Generating /Users/millcj6/src/git/PluginExpress/routes/target/apidocs/com/strategicgains/restexpress/plugin/route/package-frame.html...
Generating /Users/millcj6/src/git/PluginExpress/routes/target/apidocs/com/strategicgains/restexpress/plugin/route/package-summary.html...
Generating /Users/millcj6/src/git/PluginExpress/routes/target/apidocs/com/strategicgains/restexpress/plugin/route/package-tree.html...
Generating /Users/millcj6/src/git/PluginExpress/routes/target/apidocs/constant-values.html...
Generating /Users/millcj6/src/git/PluginExpress/routes/target/apidocs/com/strategicgains/restexpress/plugin/route/class-use/RoutesMetadataPlugin.html...
Generating /Users/millcj6/src/git/PluginExpress/routes/target/apidocs/com/strategicgains/restexpress/plugin/route/class-use/RouteMetadataController.html...
Generating /Users/millcj6/src/git/PluginExpress/routes/target/apidocs/com/strategicgains/restexpress/plugin/route/package-use.html...
Building index for all the packages and classes...
Generating /Users/millcj6/src/git/PluginExpress/routes/target/apidocs/overview-tree.html...
Generating /Users/millcj6/src/git/PluginExpress/routes/target/apidocs/index-all.html...
Generating /Users/millcj6/src/git/PluginExpress/routes/target/apidocs/deprecated-list.html...
Building index for all classes...
Generating /Users/millcj6/src/git/PluginExpress/routes/target/apidocs/allclasses-frame.html...
Generating /Users/millcj6/src/git/PluginExpress/routes/target/apidocs/allclasses-noframe.html...
Generating /Users/millcj6/src/git/PluginExpress/routes/target/apidocs/index.html...
Generating /Users/millcj6/src/git/PluginExpress/routes/target/apidocs/help-doc.html...
[INFO] Building jar: /Users/millcj6/src/git/PluginExpress/routes/target/RoutesMetadataPlugin-0.2.4-SNAPSHOT-javadoc.jar
[INFO]                                                                         
[INFO] ------------------------------------------------------------------------
[INFO] Building Cache-Control Plugin 0.2.4-SNAPSHOT
[INFO] ------------------------------------------------------------------------
[INFO] 
[INFO] --- maven-clean-plugin:2.5:clean (default-clean) @ CacheControlPlugin ---
[INFO] Deleting /Users/millcj6/src/git/PluginExpress/cache-control/target
[INFO] 
[INFO] --- maven-enforcer-plugin:1.0:enforce (enforce-maven) @ CacheControlPlugin ---
[INFO] 
[INFO] --- maven-resources-plugin:2.6:resources (default-resources) @ CacheControlPlugin ---
[INFO] Using 'UTF-8' encoding to copy filtered resources.
[INFO] skip non existing resourceDirectory /Users/millcj6/src/git/PluginExpress/cache-control/src/main/resources
[INFO] 
[INFO] --- maven-compiler-plugin:3.0:compile (default-compile) @ CacheControlPlugin ---
[INFO] Changes detected - recompiling the module!
[INFO] Compiling 4 source files to /Users/millcj6/src/git/PluginExpress/cache-control/target/classes
[INFO] 
[INFO] --- maven-resources-plugin:2.6:testResources (default-testResources) @ CacheControlPlugin ---
[INFO] Using 'UTF-8' encoding to copy filtered resources.
[INFO] skip non existing resourceDirectory /Users/millcj6/src/git/PluginExpress/cache-control/src/test/resources
[INFO] 
[INFO] --- maven-compiler-plugin:3.0:testCompile (default-testCompile) @ CacheControlPlugin ---
[INFO] No sources to compile
[INFO] 
[INFO] --- maven-surefire-plugin:2.12.4:test (default-test) @ CacheControlPlugin ---
[INFO] No tests to run.
[INFO] 
[INFO] --- maven-jar-plugin:2.4:jar (default-jar) @ CacheControlPlugin ---
[INFO] Building jar: /Users/millcj6/src/git/PluginExpress/cache-control/target/CacheControlPlugin-0.2.4-SNAPSHOT.jar
[INFO] 
[INFO] >>> maven-source-plugin:2.2.1:jar (attach-sources) @ CacheControlPlugin >>>
[INFO] 
[INFO] --- maven-enforcer-plugin:1.0:enforce (enforce-maven) @ CacheControlPlugin ---
[INFO] 
[INFO] <<< maven-source-plugin:2.2.1:jar (attach-sources) @ CacheControlPlugin <<<
[INFO] 
[INFO] --- maven-source-plugin:2.2.1:jar (attach-sources) @ CacheControlPlugin ---
[INFO] Building jar: /Users/millcj6/src/git/PluginExpress/cache-control/target/CacheControlPlugin-0.2.4-SNAPSHOT-sources.jar
[INFO] 
[INFO] --- maven-javadoc-plugin:2.9:jar (attach-javadocs) @ CacheControlPlugin ---
[INFO] 
Loading source files for package com.strategicgains.restexpress.plugin.cache...
Constructing Javadoc information...
Standard Doclet version 1.7.0_25
Building tree for all the packages and classes...
Generating /Users/millcj6/src/git/PluginExpress/cache-control/target/apidocs/com/strategicgains/restexpress/plugin/cache/CacheControlPlugin.html...
Generating /Users/millcj6/src/git/PluginExpress/cache-control/target/apidocs/com/strategicgains/restexpress/plugin/cache/CacheHeaderPostprocessor.html...
Generating /Users/millcj6/src/git/PluginExpress/cache-control/target/apidocs/com/strategicgains/restexpress/plugin/cache/DateHeaderPostprocessor.html...
Generating /Users/millcj6/src/git/PluginExpress/cache-control/target/apidocs/com/strategicgains/restexpress/plugin/cache/EtagHeaderPostprocessor.html...
Generating /Users/millcj6/src/git/PluginExpress/cache-control/target/apidocs/com/strategicgains/restexpress/plugin/cache/package-frame.html...
Generating /Users/millcj6/src/git/PluginExpress/cache-control/target/apidocs/com/strategicgains/restexpress/plugin/cache/package-summary.html...
Generating /Users/millcj6/src/git/PluginExpress/cache-control/target/apidocs/com/strategicgains/restexpress/plugin/cache/package-tree.html...
Generating /Users/millcj6/src/git/PluginExpress/cache-control/target/apidocs/constant-values.html...
Generating /Users/millcj6/src/git/PluginExpress/cache-control/target/apidocs/com/strategicgains/restexpress/plugin/cache/class-use/EtagHeaderPostprocessor.html...
Generating /Users/millcj6/src/git/PluginExpress/cache-control/target/apidocs/com/strategicgains/restexpress/plugin/cache/class-use/DateHeaderPostprocessor.html...
Generating /Users/millcj6/src/git/PluginExpress/cache-control/target/apidocs/com/strategicgains/restexpress/plugin/cache/class-use/CacheHeaderPostprocessor.html...
Generating /Users/millcj6/src/git/PluginExpress/cache-control/target/apidocs/com/strategicgains/restexpress/plugin/cache/class-use/CacheControlPlugin.html...
Generating /Users/millcj6/src/git/PluginExpress/cache-control/target/apidocs/com/strategicgains/restexpress/plugin/cache/package-use.html...
Building index for all the packages and classes...
Generating /Users/millcj6/src/git/PluginExpress/cache-control/target/apidocs/overview-tree.html...
Generating /Users/millcj6/src/git/PluginExpress/cache-control/target/apidocs/index-all.html...
Generating /Users/millcj6/src/git/PluginExpress/cache-control/target/apidocs/deprecated-list.html...
Building index for all classes...
Generating /Users/millcj6/src/git/PluginExpress/cache-control/target/apidocs/allclasses-frame.html...
Generating /Users/millcj6/src/git/PluginExpress/cache-control/target/apidocs/allclasses-noframe.html...
Generating /Users/millcj6/src/git/PluginExpress/cache-control/target/apidocs/index.html...
Generating /Users/millcj6/src/git/PluginExpress/cache-control/target/apidocs/help-doc.html...
[INFO] Building jar: /Users/millcj6/src/git/PluginExpress/cache-control/target/CacheControlPlugin-0.2.4-SNAPSHOT-javadoc.jar
[INFO]                                                                         
[INFO] ------------------------------------------------------------------------
[INFO] Building Metrics Plugin 0.2.4-SNAPSHOT
[INFO] ------------------------------------------------------------------------
[INFO] 
[INFO] --- maven-clean-plugin:2.5:clean (default-clean) @ MetricsPlugin ---
[INFO] Deleting /Users/millcj6/src/git/PluginExpress/metrics/target
[INFO] 
[INFO] --- maven-enforcer-plugin:1.0:enforce (enforce-maven) @ MetricsPlugin ---
[INFO] 
[INFO] --- maven-resources-plugin:2.6:resources (default-resources) @ MetricsPlugin ---
[INFO] Using 'UTF-8' encoding to copy filtered resources.
[INFO] skip non existing resourceDirectory /Users/millcj6/src/git/PluginExpress/metrics/src/main/resources
[INFO] 
[INFO] --- maven-compiler-plugin:3.0:compile (default-compile) @ MetricsPlugin ---
[INFO] Changes detected - recompiling the module!
[INFO] Compiling 3 source files to /Users/millcj6/src/git/PluginExpress/metrics/target/classes
[INFO] 
[INFO] --- maven-resources-plugin:2.6:testResources (default-testResources) @ MetricsPlugin ---
[INFO] Using 'UTF-8' encoding to copy filtered resources.
[INFO] skip non existing resourceDirectory /Users/millcj6/src/git/PluginExpress/metrics/src/test/resources
[INFO] 
[INFO] --- maven-compiler-plugin:3.0:testCompile (default-testCompile) @ MetricsPlugin ---
[INFO] No sources to compile
[INFO] 
[INFO] --- maven-surefire-plugin:2.12.4:test (default-test) @ MetricsPlugin ---
[INFO] No tests to run.
[INFO] 
[INFO] --- maven-jar-plugin:2.4:jar (default-jar) @ MetricsPlugin ---
[INFO] Building jar: /Users/millcj6/src/git/PluginExpress/metrics/target/MetricsPlugin-0.2.4-SNAPSHOT.jar
[INFO] 
[INFO] >>> maven-source-plugin:2.2.1:jar (attach-sources) @ MetricsPlugin >>>
[INFO] 
[INFO] --- maven-enforcer-plugin:1.0:enforce (enforce-maven) @ MetricsPlugin ---
[INFO] 
[INFO] <<< maven-source-plugin:2.2.1:jar (attach-sources) @ MetricsPlugin <<<
[INFO] 
[INFO] --- maven-source-plugin:2.2.1:jar (attach-sources) @ MetricsPlugin ---
[INFO] Building jar: /Users/millcj6/src/git/PluginExpress/metrics/target/MetricsPlugin-0.2.4-SNAPSHOT-sources.jar
[INFO] 
[INFO] --- maven-javadoc-plugin:2.9:jar (attach-javadocs) @ MetricsPlugin ---
[INFO] 
Loading source files for package com.strategicgains.restexpress.plugin.metrics...
Constructing Javadoc information...
Standard Doclet version 1.7.0_25
Building tree for all the packages and classes...
Generating /Users/millcj6/src/git/PluginExpress/metrics/target/apidocs/com/strategicgains/restexpress/plugin/metrics/LogOutputFactory.html...
Generating /Users/millcj6/src/git/PluginExpress/metrics/target/apidocs/com/strategicgains/restexpress/plugin/metrics/MetricsConfig.html...
Generating /Users/millcj6/src/git/PluginExpress/metrics/target/apidocs/com/strategicgains/restexpress/plugin/metrics/MetricsPlugin.html...
Generating /Users/millcj6/src/git/PluginExpress/metrics/target/apidocs/com/strategicgains/restexpress/plugin/metrics/package-frame.html...
Generating /Users/millcj6/src/git/PluginExpress/metrics/target/apidocs/com/strategicgains/restexpress/plugin/metrics/package-summary.html...
Generating /Users/millcj6/src/git/PluginExpress/metrics/target/apidocs/com/strategicgains/restexpress/plugin/metrics/package-tree.html...
Generating /Users/millcj6/src/git/PluginExpress/metrics/target/apidocs/constant-values.html...
Generating /Users/millcj6/src/git/PluginExpress/metrics/target/apidocs/com/strategicgains/restexpress/plugin/metrics/class-use/MetricsPlugin.html...
Generating /Users/millcj6/src/git/PluginExpress/metrics/target/apidocs/com/strategicgains/restexpress/plugin/metrics/class-use/MetricsConfig.html...
Generating /Users/millcj6/src/git/PluginExpress/metrics/target/apidocs/com/strategicgains/restexpress/plugin/metrics/class-use/LogOutputFactory.html...
Generating /Users/millcj6/src/git/PluginExpress/metrics/target/apidocs/com/strategicgains/restexpress/plugin/metrics/package-use.html...
Building index for all the packages and classes...
Generating /Users/millcj6/src/git/PluginExpress/metrics/target/apidocs/overview-tree.html...
Generating /Users/millcj6/src/git/PluginExpress/metrics/target/apidocs/index-all.html...
Generating /Users/millcj6/src/git/PluginExpress/metrics/target/apidocs/deprecated-list.html...
Building index for all classes...
Generating /Users/millcj6/src/git/PluginExpress/metrics/target/apidocs/allclasses-frame.html...
Generating /Users/millcj6/src/git/PluginExpress/metrics/target/apidocs/allclasses-noframe.html...
Generating /Users/millcj6/src/git/PluginExpress/metrics/target/apidocs/index.html...
Generating /Users/millcj6/src/git/PluginExpress/metrics/target/apidocs/help-doc.html...
[INFO] Building jar: /Users/millcj6/src/git/PluginExpress/metrics/target/MetricsPlugin-0.2.4-SNAPSHOT-javadoc.jar
[INFO]                                                                         
[INFO] ------------------------------------------------------------------------
[INFO] Building Swagger Plugin 0.2.4-SNAPSHOT
[INFO] ------------------------------------------------------------------------
[INFO] 
[INFO] --- maven-clean-plugin:2.5:clean (default-clean) @ SwaggerPlugin ---
[INFO] Deleting /Users/millcj6/src/git/PluginExpress/swagger/target
[INFO] 
[INFO] --- maven-enforcer-plugin:1.0:enforce (enforce-maven) @ SwaggerPlugin ---
[INFO] 
[INFO] --- maven-resources-plugin:2.6:resources (default-resources) @ SwaggerPlugin ---
[INFO] Using 'UTF-8' encoding to copy filtered resources.
[INFO] skip non existing resourceDirectory /Users/millcj6/src/git/PluginExpress/swagger/src/main/resources
[INFO] 
[INFO] --- maven-compiler-plugin:3.0:compile (default-compile) @ SwaggerPlugin ---
[INFO] Changes detected - recompiling the module!
[INFO] Compiling 23 source files to /Users/millcj6/src/git/PluginExpress/swagger/target/classes
[INFO] 
[INFO] --- maven-resources-plugin:2.6:testResources (default-testResources) @ SwaggerPlugin ---
[INFO] Using 'UTF-8' encoding to copy filtered resources.
[INFO] skip non existing resourceDirectory /Users/millcj6/src/git/PluginExpress/swagger/src/test/resources
[INFO] 
[INFO] --- maven-compiler-plugin:3.0:testCompile (default-testCompile) @ SwaggerPlugin ---
[INFO] Changes detected - recompiling the module!
[INFO] Compiling 7 source files to /Users/millcj6/src/git/PluginExpress/swagger/target/test-classes
[INFO] 
[INFO] --- maven-surefire-plugin:2.12.4:test (default-test) @ SwaggerPlugin ---
[INFO] Surefire report directory: /Users/millcj6/src/git/PluginExpress/swagger/target/surefire-reports

-------------------------------------------------------
 T E S T S
-------------------------------------------------------
Running com.strategicgains.restexpress.plugin.swagger.ModelResolverTest
Unhandled generic type: java.util.Map<java.lang.String, java.lang.String>
Unhandled generic type: java.util.Map<java.lang.Object, java.lang.Object>
Unhandled generic type: java.util.Map<java.lang.String, java.lang.String>
Unhandled generic type: java.util.Map<java.lang.Object, java.lang.Object>
Tests run: 4, Failures: 0, Errors: 0, Skipped: 0, Time elapsed: 0.068 sec
Running com.strategicgains.restexpress.plugin.swagger.SwaggerPluginTest
RestExpress server listening on port 9001
Unhandled generic type: java.util.Map<java.lang.String, java.lang.String>
Unhandled generic type: java.util.Map<java.lang.Object, java.lang.Object>
Unhandled generic type: java.util.Map<java.lang.String, java.lang.String>
Unhandled generic type: java.util.Map<java.lang.Object, java.lang.Object>
{"apiVersion":"1.0","swaggerVersion":"1.2","apis":[{"path":"/anothers"},{"path":"/users"},{"path":"/orders"},{"path":"/products"},{"path":"/health"},{"path":"/annotations"}]}
{"apiVersion":"1.0","swaggerVersion":"1.2","basePath":"http://localhost:9001","resourcePath":"/users","apis":[{"path":"/users","description":"Users Collection","operations":[{"type":"array","items":{"$ref":"DummyModel"},"method":"GET","nickname":"GET Users Collection","summary":""},{"type":"void","method":"POST","nickname":"POST Users Collection","parameters":[{"type":"DummyModel","paramType":"body","name":"body","required":true}],"summary":""}]},{"path":"/users/{userId}","description":"Individual User","operations":[{"type":"DummyModel","method":"GET","nickname":"GET Individual User","parameters":[{"type":"string","paramType":"path","name":"userId","required":true}],"summary":""},{"type":"void","method":"PUT","nickname":"PUT Individual User","parameters":[{"type":"string","paramType":"path","name":"userId","required":true}],"summary":""},{"type":"void","method":"DELETE","nickname":"DELETE Individual User","parameters":[{"type":"string","paramType":"path","name":"userId","required":true}],"summary":""}]},{"path":"/users/{userId}/orders","description":"User Orders Collection","operations":[{"type":"array","items":{"$ref":"DummyModel"},"method":"GET","nickname":"GET User Orders Collection","parameters":[{"type":"string","paramType":"path","name":"userId","required":true}],"summary":""},{"type":"void","method":"POST","nickname":"POST User Orders Collection","parameters":[{"type":"string","paramType":"path","name":"userId","required":true},{"type":"DummyModel","paramType":"body","name":"body","required":true}],"summary":""}]}],"models":{"DummyModel":{"id":"DummyModel","properties":{"dummy8":{"type":"number","format":"double"},"color":{"type":"string","enum":["BLUE","GREEN","RED"]},"dummy2":{"type":"integer","format":"int32"},"dummy3":{"type":"number","format":"float"},"dummy1":{"type":"string"},"dummy6":{"type":"array","items":{"type":"integer","format":"int32"}},"ones":{"type":"array","items":{"$ref":"One"}},"dummy7":{"type":"integer","format":"int32"},"base1":{"type":"string"},"dummy4":{"type":"boolean"},"base2":{"type":"integer","format":"int32"},"dummy5":{"type":"array","items":{"$ref":"One"}}}},"One":{"id":"One","properties":{"base2":{"type":"string"},"base1":{"type":"string"},"prop2":{"type":"string"},"prop1":{"type":"string"}}}}}
Tests run: 7, Failures: 0, Errors: 0, Skipped: 0, Time elapsed: 3.2 sec

Results :

Tests run: 11, Failures: 0, Errors: 0, Skipped: 0

[INFO] 
[INFO] --- maven-jar-plugin:2.4:jar (default-jar) @ SwaggerPlugin ---
[INFO] Building jar: /Users/millcj6/src/git/PluginExpress/swagger/target/SwaggerPlugin-0.2.4-SNAPSHOT.jar
[INFO] 
[INFO] >>> maven-source-plugin:2.2.1:jar (attach-sources) @ SwaggerPlugin >>>
[INFO] 
[INFO] --- maven-enforcer-plugin:1.0:enforce (enforce-maven) @ SwaggerPlugin ---
[INFO] 
[INFO] <<< maven-source-plugin:2.2.1:jar (attach-sources) @ SwaggerPlugin <<<
[INFO] 
[INFO] --- maven-source-plugin:2.2.1:jar (attach-sources) @ SwaggerPlugin ---
[INFO] Building jar: /Users/millcj6/src/git/PluginExpress/swagger/target/SwaggerPlugin-0.2.4-SNAPSHOT-sources.jar
[INFO] 
[INFO] --- maven-javadoc-plugin:2.9:jar (attach-javadocs) @ SwaggerPlugin ---
[INFO] 
Loading source files for package com.strategicgains.restexpress.plugin.swagger.annotations...
Loading source files for package com.strategicgains.restexpress.plugin.swagger.domain...
Loading source files for package com.strategicgains.restexpress.plugin.swagger...
Constructing Javadoc information...
Standard Doclet version 1.7.0_25
Building tree for all the packages and classes...
Generating /Users/millcj6/src/git/PluginExpress/swagger/target/apidocs/com/strategicgains/restexpress/plugin/swagger/annotations/ApiModelRequest.html...
Generating /Users/millcj6/src/git/PluginExpress/swagger/target/apidocs/com/strategicgains/restexpress/plugin/swagger/domain/ApiDeclaration.html...
Generating /Users/millcj6/src/git/PluginExpress/swagger/target/apidocs/com/strategicgains/restexpress/plugin/swagger/domain/ApiDeclarations.html...
Generating /Users/millcj6/src/git/PluginExpress/swagger/target/apidocs/com/strategicgains/restexpress/plugin/swagger/domain/ApiKeys.html...
Generating /Users/millcj6/src/git/PluginExpress/swagger/target/apidocs/com/strategicgains/restexpress/plugin/swagger/domain/ApiModel.html...
Generating /Users/millcj6/src/git/PluginExpress/swagger/target/apidocs/com/strategicgains/restexpress/plugin/swagger/domain/ApiOperation.html...
Generating /Users/millcj6/src/git/PluginExpress/swagger/target/apidocs/com/strategicgains/restexpress/plugin/swagger/domain/ApiOperationParameters.html...
Generating /Users/millcj6/src/git/PluginExpress/swagger/target/apidocs/com/strategicgains/restexpress/plugin/swagger/domain/ApiResource.html...
Generating /Users/millcj6/src/git/PluginExpress/swagger/target/apidocs/com/strategicgains/restexpress/plugin/swagger/domain/ApiResources.html...
Generating /Users/millcj6/src/git/PluginExpress/swagger/target/apidocs/com/strategicgains/restexpress/plugin/swagger/domain/ApiResponse.html...
Generating /Users/millcj6/src/git/PluginExpress/swagger/target/apidocs/com/strategicgains/restexpress/plugin/swagger/domain/Authorization.html...
Generating /Users/millcj6/src/git/PluginExpress/swagger/target/apidocs/com/strategicgains/restexpress/plugin/swagger/domain/Authorizations.html...
Generating /Users/millcj6/src/git/PluginExpress/swagger/target/apidocs/com/strategicgains/restexpress/plugin/swagger/domain/AuthorizationTypes.html...
Generating /Users/millcj6/src/git/PluginExpress/swagger/target/apidocs/com/strategicgains/restexpress/plugin/swagger/domain/DataType.html...
Generating /Users/millcj6/src/git/PluginExpress/swagger/target/apidocs/com/strategicgains/restexpress/plugin/swagger/domain/GrantTypes.html...
Generating /Users/millcj6/src/git/PluginExpress/swagger/target/apidocs/com/strategicgains/restexpress/plugin/swagger/domain/ImplicitGrantType.html...
Generating /Users/millcj6/src/git/PluginExpress/swagger/target/apidocs/com/strategicgains/restexpress/plugin/swagger/domain/ImplicitGrantType.LoginEndpoint.html...
Generating /Users/millcj6/src/git/PluginExpress/swagger/target/apidocs/com/strategicgains/restexpress/plugin/swagger/domain/Info.html...
Generating /Users/millcj6/src/git/PluginExpress/swagger/target/apidocs/com/strategicgains/restexpress/plugin/swagger/domain/Items.html...
Generating /Users/millcj6/src/git/PluginExpress/swagger/target/apidocs/com/strategicgains/restexpress/plugin/swagger/domain/Primitives.html...
Generating /Users/millcj6/src/git/PluginExpress/swagger/target/apidocs/com/strategicgains/restexpress/plugin/swagger/domain/Scope.html...
Generating /Users/millcj6/src/git/PluginExpress/swagger/target/apidocs/com/strategicgains/restexpress/plugin/swagger/ModelResolver.html...
Generating /Users/millcj6/src/git/PluginExpress/swagger/target/apidocs/com/strategicgains/restexpress/plugin/swagger/SwaggerController.html...
Generating /Users/millcj6/src/git/PluginExpress/swagger/target/apidocs/com/strategicgains/restexpress/plugin/swagger/SwaggerPlugin.html...
Generating /Users/millcj6/src/git/PluginExpress/swagger/target/apidocs/overview-frame.html...
Generating /Users/millcj6/src/git/PluginExpress/swagger/target/apidocs/com/strategicgains/restexpress/plugin/swagger/package-frame.html...
Generating /Users/millcj6/src/git/PluginExpress/swagger/target/apidocs/com/strategicgains/restexpress/plugin/swagger/package-summary.html...
Generating /Users/millcj6/src/git/PluginExpress/swagger/target/apidocs/com/strategicgains/restexpress/plugin/swagger/package-tree.html...
Generating /Users/millcj6/src/git/PluginExpress/swagger/target/apidocs/com/strategicgains/restexpress/plugin/swagger/annotations/package-frame.html...
Generating /Users/millcj6/src/git/PluginExpress/swagger/target/apidocs/com/strategicgains/restexpress/plugin/swagger/annotations/package-summary.html...
Generating /Users/millcj6/src/git/PluginExpress/swagger/target/apidocs/com/strategicgains/restexpress/plugin/swagger/annotations/package-tree.html...
Generating /Users/millcj6/src/git/PluginExpress/swagger/target/apidocs/com/strategicgains/restexpress/plugin/swagger/domain/package-frame.html...
Generating /Users/millcj6/src/git/PluginExpress/swagger/target/apidocs/com/strategicgains/restexpress/plugin/swagger/domain/package-summary.html...
Generating /Users/millcj6/src/git/PluginExpress/swagger/target/apidocs/com/strategicgains/restexpress/plugin/swagger/domain/package-tree.html...
Generating /Users/millcj6/src/git/PluginExpress/swagger/target/apidocs/constant-values.html...
Generating /Users/millcj6/src/git/PluginExpress/swagger/target/apidocs/serialized-form.html...
Generating /Users/millcj6/src/git/PluginExpress/swagger/target/apidocs/com/strategicgains/restexpress/plugin/swagger/annotations/class-use/ApiModelRequest.html...
Generating /Users/millcj6/src/git/PluginExpress/swagger/target/apidocs/com/strategicgains/restexpress/plugin/swagger/domain/class-use/Scope.html...
Generating /Users/millcj6/src/git/PluginExpress/swagger/target/apidocs/com/strategicgains/restexpress/plugin/swagger/domain/class-use/Primitives.html...
Generating /Users/millcj6/src/git/PluginExpress/swagger/target/apidocs/com/strategicgains/restexpress/plugin/swagger/domain/class-use/Items.html...
Generating /Users/millcj6/src/git/PluginExpress/swagger/target/apidocs/com/strategicgains/restexpress/plugin/swagger/domain/class-use/Info.html...
Generating /Users/millcj6/src/git/PluginExpress/swagger/target/apidocs/com/strategicgains/restexpress/plugin/swagger/domain/class-use/ImplicitGrantType.html...
Generating /Users/millcj6/src/git/PluginExpress/swagger/target/apidocs/com/strategicgains/restexpress/plugin/swagger/domain/class-use/ImplicitGrantType.LoginEndpoint.html...
Generating /Users/millcj6/src/git/PluginExpress/swagger/target/apidocs/com/strategicgains/restexpress/plugin/swagger/domain/class-use/GrantTypes.html...
Generating /Users/millcj6/src/git/PluginExpress/swagger/target/apidocs/com/strategicgains/restexpress/plugin/swagger/domain/class-use/DataType.html...
Generating /Users/millcj6/src/git/PluginExpress/swagger/target/apidocs/com/strategicgains/restexpress/plugin/swagger/domain/class-use/AuthorizationTypes.html...
Generating /Users/millcj6/src/git/PluginExpress/swagger/target/apidocs/com/strategicgains/restexpress/plugin/swagger/domain/class-use/Authorizations.html...
Generating /Users/millcj6/src/git/PluginExpress/swagger/target/apidocs/com/strategicgains/restexpress/plugin/swagger/domain/class-use/Authorization.html...
Generating /Users/millcj6/src/git/PluginExpress/swagger/target/apidocs/com/strategicgains/restexpress/plugin/swagger/domain/class-use/ApiResponse.html...
Generating /Users/millcj6/src/git/PluginExpress/swagger/target/apidocs/com/strategicgains/restexpress/plugin/swagger/domain/class-use/ApiResources.html...
Generating /Users/millcj6/src/git/PluginExpress/swagger/target/apidocs/com/strategicgains/restexpress/plugin/swagger/domain/class-use/ApiResource.html...
Generating /Users/millcj6/src/git/PluginExpress/swagger/target/apidocs/com/strategicgains/restexpress/plugin/swagger/domain/class-use/ApiOperationParameters.html...
Generating /Users/millcj6/src/git/PluginExpress/swagger/target/apidocs/com/strategicgains/restexpress/plugin/swagger/domain/class-use/ApiOperation.html...
Generating /Users/millcj6/src/git/PluginExpress/swagger/target/apidocs/com/strategicgains/restexpress/plugin/swagger/domain/class-use/ApiModel.html...
Generating /Users/millcj6/src/git/PluginExpress/swagger/target/apidocs/com/strategicgains/restexpress/plugin/swagger/domain/class-use/ApiKeys.html...
Generating /Users/millcj6/src/git/PluginExpress/swagger/target/apidocs/com/strategicgains/restexpress/plugin/swagger/domain/class-use/ApiDeclarations.html...
Generating /Users/millcj6/src/git/PluginExpress/swagger/target/apidocs/com/strategicgains/restexpress/plugin/swagger/domain/class-use/ApiDeclaration.html...
Generating /Users/millcj6/src/git/PluginExpress/swagger/target/apidocs/com/strategicgains/restexpress/plugin/swagger/class-use/SwaggerPlugin.html...
Generating /Users/millcj6/src/git/PluginExpress/swagger/target/apidocs/com/strategicgains/restexpress/plugin/swagger/class-use/SwaggerController.html...
Generating /Users/millcj6/src/git/PluginExpress/swagger/target/apidocs/com/strategicgains/restexpress/plugin/swagger/class-use/ModelResolver.html...
Generating /Users/millcj6/src/git/PluginExpress/swagger/target/apidocs/com/strategicgains/restexpress/plugin/swagger/package-use.html...
Generating /Users/millcj6/src/git/PluginExpress/swagger/target/apidocs/com/strategicgains/restexpress/plugin/swagger/annotations/package-use.html...
Generating /Users/millcj6/src/git/PluginExpress/swagger/target/apidocs/com/strategicgains/restexpress/plugin/swagger/domain/package-use.html...
Building index for all the packages and classes...
Generating /Users/millcj6/src/git/PluginExpress/swagger/target/apidocs/overview-tree.html...
Generating /Users/millcj6/src/git/PluginExpress/swagger/target/apidocs/index-all.html...
Generating /Users/millcj6/src/git/PluginExpress/swagger/target/apidocs/deprecated-list.html...
Building index for all classes...
Generating /Users/millcj6/src/git/PluginExpress/swagger/target/apidocs/allclasses-frame.html...
Generating /Users/millcj6/src/git/PluginExpress/swagger/target/apidocs/allclasses-noframe.html...
Generating /Users/millcj6/src/git/PluginExpress/swagger/target/apidocs/index.html...
Generating /Users/millcj6/src/git/PluginExpress/swagger/target/apidocs/overview-summary.html...
Generating /Users/millcj6/src/git/PluginExpress/swagger/target/apidocs/help-doc.html...
22 warnings
[WARNING] Javadoc Warnings
[WARNING] /Users/millcj6/src/git/PluginExpress/swagger/src/main/java/com/strategicgains/restexpress/plugin/swagger/domain/ApiDeclarations.java:35: warning - Tag @see:illegal character: "58" in "https://github.com/wordnik/swagger-core/wiki/Api-Declaration"
[WARNING] /Users/millcj6/src/git/PluginExpress/swagger/src/main/java/com/strategicgains/restexpress/plugin/swagger/domain/ApiDeclarations.java:35: warning - Tag @see:illegal character: "47" in "https://github.com/wordnik/swagger-core/wiki/Api-Declaration"
[WARNING] /Users/millcj6/src/git/PluginExpress/swagger/src/main/java/com/strategicgains/restexpress/plugin/swagger/domain/ApiDeclarations.java:35: warning - Tag @see:illegal character: "47" in "https://github.com/wordnik/swagger-core/wiki/Api-Declaration"
[WARNING] /Users/millcj6/src/git/PluginExpress/swagger/src/main/java/com/strategicgains/restexpress/plugin/swagger/domain/ApiDeclarations.java:35: warning - Tag @see:illegal character: "47" in "https://github.com/wordnik/swagger-core/wiki/Api-Declaration"
[WARNING] /Users/millcj6/src/git/PluginExpress/swagger/src/main/java/com/strategicgains/restexpress/plugin/swagger/domain/ApiDeclarations.java:35: warning - Tag @see:illegal character: "47" in "https://github.com/wordnik/swagger-core/wiki/Api-Declaration"
[WARNING] /Users/millcj6/src/git/PluginExpress/swagger/src/main/java/com/strategicgains/restexpress/plugin/swagger/domain/ApiDeclarations.java:35: warning - Tag @see:illegal character: "45" in "https://github.com/wordnik/swagger-core/wiki/Api-Declaration"
[WARNING] /Users/millcj6/src/git/PluginExpress/swagger/src/main/java/com/strategicgains/restexpress/plugin/swagger/domain/ApiDeclarations.java:35: warning - Tag @see:illegal character: "47" in "https://github.com/wordnik/swagger-core/wiki/Api-Declaration"
[WARNING] /Users/millcj6/src/git/PluginExpress/swagger/src/main/java/com/strategicgains/restexpress/plugin/swagger/domain/ApiDeclarations.java:35: warning - Tag @see:illegal character: "47" in "https://github.com/wordnik/swagger-core/wiki/Api-Declaration"
[WARNING] /Users/millcj6/src/git/PluginExpress/swagger/src/main/java/com/strategicgains/restexpress/plugin/swagger/domain/ApiDeclarations.java:35: warning - Tag @see:illegal character: "45" in "https://github.com/wordnik/swagger-core/wiki/Api-Declaration"
[WARNING] /Users/millcj6/src/git/PluginExpress/swagger/src/main/java/com/strategicgains/restexpress/plugin/swagger/domain/ApiDeclaration.java:28: warning - Tag @see:illegal character: "58" in "https://github.com/wordnik/swagger-core/wiki/Api-Declaration"
[WARNING] /Users/millcj6/src/git/PluginExpress/swagger/src/main/java/com/strategicgains/restexpress/plugin/swagger/domain/ApiDeclaration.java:28: warning - Tag @see:illegal character: "47" in "https://github.com/wordnik/swagger-core/wiki/Api-Declaration"
[WARNING] /Users/millcj6/src/git/PluginExpress/swagger/src/main/java/com/strategicgains/restexpress/plugin/swagger/domain/ApiDeclaration.java:28: warning - Tag @see:illegal character: "47" in "https://github.com/wordnik/swagger-core/wiki/Api-Declaration"
[WARNING] /Users/millcj6/src/git/PluginExpress/swagger/src/main/java/com/strategicgains/restexpress/plugin/swagger/domain/ApiDeclaration.java:28: warning - Tag @see:illegal character: "47" in "https://github.com/wordnik/swagger-core/wiki/Api-Declaration"
[WARNING] /Users/millcj6/src/git/PluginExpress/swagger/src/main/java/com/strategicgains/restexpress/plugin/swagger/domain/ApiDeclaration.java:28: warning - Tag @see:illegal character: "47" in "https://github.com/wordnik/swagger-core/wiki/Api-Declaration"
[WARNING] /Users/millcj6/src/git/PluginExpress/swagger/src/main/java/com/strategicgains/restexpress/plugin/swagger/domain/ApiDeclaration.java:28: warning - Tag @see:illegal character: "45" in "https://github.com/wordnik/swagger-core/wiki/Api-Declaration"
[WARNING] /Users/millcj6/src/git/PluginExpress/swagger/src/main/java/com/strategicgains/restexpress/plugin/swagger/domain/ApiDeclaration.java:28: warning - Tag @see:illegal character: "47" in "https://github.com/wordnik/swagger-core/wiki/Api-Declaration"
[WARNING] /Users/millcj6/src/git/PluginExpress/swagger/src/main/java/com/strategicgains/restexpress/plugin/swagger/domain/ApiDeclaration.java:28: warning - Tag @see:illegal character: "47" in "https://github.com/wordnik/swagger-core/wiki/Api-Declaration"
[WARNING] /Users/millcj6/src/git/PluginExpress/swagger/src/main/java/com/strategicgains/restexpress/plugin/swagger/domain/ApiDeclaration.java:28: warning - Tag @see:illegal character: "45" in "https://github.com/wordnik/swagger-core/wiki/Api-Declaration"
[WARNING] /Users/millcj6/src/git/PluginExpress/swagger/src/main/java/com/strategicgains/restexpress/plugin/swagger/domain/ApiDeclaration.java:28: warning - Tag @see: reference not found: https://github.com/wordnik/swagger-core/wiki/Api-Declaration
[WARNING] /Users/millcj6/src/git/PluginExpress/swagger/src/main/java/com/strategicgains/restexpress/plugin/swagger/domain/ApiDeclarations.java:35: warning - Tag @see: reference not found: https://github.com/wordnik/swagger-core/wiki/Api-Declaration
[WARNING] /Users/millcj6/src/git/PluginExpress/swagger/src/main/java/com/strategicgains/restexpress/plugin/swagger/domain/ApiOperation.java:118: warning - @ApiImplicitParams, is an unknown tag.
[WARNING] /Users/millcj6/src/git/PluginExpress/swagger/src/main/java/com/strategicgains/restexpress/plugin/swagger/SwaggerController.java:91: warning - @return tag has no arguments.
[INFO] Building jar: /Users/millcj6/src/git/PluginExpress/swagger/target/SwaggerPlugin-0.2.4-SNAPSHOT-javadoc.jar
[INFO]                                                                         
[INFO] ------------------------------------------------------------------------
[INFO] Building State-Change Plugin 0.2.4-SNAPSHOT
[INFO] ------------------------------------------------------------------------
[INFO] 
[INFO] --- maven-clean-plugin:2.5:clean (default-clean) @ StateChangePlugin ---
[INFO] Deleting /Users/millcj6/src/git/PluginExpress/state-change/target
[INFO] 
[INFO] --- maven-enforcer-plugin:1.0:enforce (enforce-maven) @ StateChangePlugin ---
[INFO] 
[INFO] --- maven-resources-plugin:2.6:resources (default-resources) @ StateChangePlugin ---
[INFO] Using 'UTF-8' encoding to copy filtered resources.
[INFO] skip non existing resourceDirectory /Users/millcj6/src/git/PluginExpress/state-change/src/main/resources
[INFO] 
[INFO] --- maven-compiler-plugin:3.0:compile (default-compile) @ StateChangePlugin ---
[INFO] Changes detected - recompiling the module!
[INFO] Compiling 10 source files to /Users/millcj6/src/git/PluginExpress/state-change/target/classes
[INFO] 
[INFO] --- maven-resources-plugin:2.6:testResources (default-testResources) @ StateChangePlugin ---
[INFO] Using 'UTF-8' encoding to copy filtered resources.
[INFO] skip non existing resourceDirectory /Users/millcj6/src/git/PluginExpress/state-change/src/test/resources
[INFO] 
[INFO] --- maven-compiler-plugin:3.0:testCompile (default-testCompile) @ StateChangePlugin ---
[INFO] Changes detected - recompiling the module!
[INFO] Compiling 1 source file to /Users/millcj6/src/git/PluginExpress/state-change/target/test-classes
[INFO] 
[INFO] --- maven-surefire-plugin:2.12.4:test (default-test) @ StateChangePlugin ---
[INFO] Surefire report directory: /Users/millcj6/src/git/PluginExpress/state-change/target/surefire-reports

-------------------------------------------------------
 T E S T S
-------------------------------------------------------
Running org.restexpress.plugin.statechange.StateContextTest
Tests run: 2, Failures: 0, Errors: 0, Skipped: 0, Time elapsed: 0.046 sec

Results :

Tests run: 2, Failures: 0, Errors: 0, Skipped: 0

[INFO] 
[INFO] --- maven-jar-plugin:2.4:jar (default-jar) @ StateChangePlugin ---
[INFO] Building jar: /Users/millcj6/src/git/PluginExpress/state-change/target/StateChangePlugin-0.2.4-SNAPSHOT.jar
[INFO] 
[INFO] >>> maven-source-plugin:2.2.1:jar (attach-sources) @ StateChangePlugin >>>
[INFO] 
[INFO] --- maven-enforcer-plugin:1.0:enforce (enforce-maven) @ StateChangePlugin ---
[INFO] 
[INFO] <<< maven-source-plugin:2.2.1:jar (attach-sources) @ StateChangePlugin <<<
[INFO] 
[INFO] --- maven-source-plugin:2.2.1:jar (attach-sources) @ StateChangePlugin ---
[INFO] Building jar: /Users/millcj6/src/git/PluginExpress/state-change/target/StateChangePlugin-0.2.4-SNAPSHOT-sources.jar
[INFO] 
[INFO] --- maven-javadoc-plugin:2.9:jar (attach-javadocs) @ StateChangePlugin ---
[INFO] 
Loading source files for package org.restexpress.plugin.statechange.domain...
Loading source files for package org.restexpress.plugin.statechange...
Constructing Javadoc information...
Standard Doclet version 1.7.0_25
Building tree for all the packages and classes...
Generating /Users/millcj6/src/git/PluginExpress/state-change/target/apidocs/org/restexpress/plugin/statechange/domain/ObjectCreatedEvent.html...
Generating /Users/millcj6/src/git/PluginExpress/state-change/target/apidocs/org/restexpress/plugin/statechange/domain/ObjectDeletedEvent.html...
Generating /Users/millcj6/src/git/PluginExpress/state-change/target/apidocs/org/restexpress/plugin/statechange/domain/ObjectUpdatedEvent.html...
Generating /Users/millcj6/src/git/PluginExpress/state-change/target/apidocs/org/restexpress/plugin/statechange/domain/StateChange.html...
Generating /Users/millcj6/src/git/PluginExpress/state-change/target/apidocs/org/restexpress/plugin/statechange/domain/StateChangeEvent.html...
Generating /Users/millcj6/src/git/PluginExpress/state-change/target/apidocs/org/restexpress/plugin/statechange/Enricher.html...
Generating /Users/millcj6/src/git/PluginExpress/state-change/target/apidocs/org/restexpress/plugin/statechange/StateChangePlugin.html...
Generating /Users/millcj6/src/git/PluginExpress/state-change/target/apidocs/org/restexpress/plugin/statechange/StateChangePostprocessor.html...
Generating /Users/millcj6/src/git/PluginExpress/state-change/target/apidocs/org/restexpress/plugin/statechange/StateChangePreprocessor.html...
Generating /Users/millcj6/src/git/PluginExpress/state-change/target/apidocs/org/restexpress/plugin/statechange/StateContext.html...
Generating /Users/millcj6/src/git/PluginExpress/state-change/target/apidocs/overview-frame.html...
Generating /Users/millcj6/src/git/PluginExpress/state-change/target/apidocs/org/restexpress/plugin/statechange/package-frame.html...
Generating /Users/millcj6/src/git/PluginExpress/state-change/target/apidocs/org/restexpress/plugin/statechange/package-summary.html...
Generating /Users/millcj6/src/git/PluginExpress/state-change/target/apidocs/org/restexpress/plugin/statechange/package-tree.html...
Generating /Users/millcj6/src/git/PluginExpress/state-change/target/apidocs/org/restexpress/plugin/statechange/domain/package-frame.html...
Generating /Users/millcj6/src/git/PluginExpress/state-change/target/apidocs/org/restexpress/plugin/statechange/domain/package-summary.html...
Generating /Users/millcj6/src/git/PluginExpress/state-change/target/apidocs/org/restexpress/plugin/statechange/domain/package-tree.html...
Generating /Users/millcj6/src/git/PluginExpress/state-change/target/apidocs/constant-values.html...
Generating /Users/millcj6/src/git/PluginExpress/state-change/target/apidocs/org/restexpress/plugin/statechange/domain/class-use/StateChangeEvent.html...
Generating /Users/millcj6/src/git/PluginExpress/state-change/target/apidocs/org/restexpress/plugin/statechange/domain/class-use/StateChange.html...
Generating /Users/millcj6/src/git/PluginExpress/state-change/target/apidocs/org/restexpress/plugin/statechange/domain/class-use/ObjectUpdatedEvent.html...
Generating /Users/millcj6/src/git/PluginExpress/state-change/target/apidocs/org/restexpress/plugin/statechange/domain/class-use/ObjectDeletedEvent.html...
Generating /Users/millcj6/src/git/PluginExpress/state-change/target/apidocs/org/restexpress/plugin/statechange/domain/class-use/ObjectCreatedEvent.html...
Generating /Users/millcj6/src/git/PluginExpress/state-change/target/apidocs/org/restexpress/plugin/statechange/class-use/StateContext.html...
Generating /Users/millcj6/src/git/PluginExpress/state-change/target/apidocs/org/restexpress/plugin/statechange/class-use/StateChangePreprocessor.html...
Generating /Users/millcj6/src/git/PluginExpress/state-change/target/apidocs/org/restexpress/plugin/statechange/class-use/StateChangePostprocessor.html...
Generating /Users/millcj6/src/git/PluginExpress/state-change/target/apidocs/org/restexpress/plugin/statechange/class-use/StateChangePlugin.html...
Generating /Users/millcj6/src/git/PluginExpress/state-change/target/apidocs/org/restexpress/plugin/statechange/class-use/Enricher.html...
Generating /Users/millcj6/src/git/PluginExpress/state-change/target/apidocs/org/restexpress/plugin/statechange/package-use.html...
Generating /Users/millcj6/src/git/PluginExpress/state-change/target/apidocs/org/restexpress/plugin/statechange/domain/package-use.html...
Building index for all the packages and classes...
Generating /Users/millcj6/src/git/PluginExpress/state-change/target/apidocs/overview-tree.html...
Generating /Users/millcj6/src/git/PluginExpress/state-change/target/apidocs/index-all.html...
Generating /Users/millcj6/src/git/PluginExpress/state-change/target/apidocs/deprecated-list.html...
Building index for all classes...
Generating /Users/millcj6/src/git/PluginExpress/state-change/target/apidocs/allclasses-frame.html...
Generating /Users/millcj6/src/git/PluginExpress/state-change/target/apidocs/allclasses-noframe.html...
Generating /Users/millcj6/src/git/PluginExpress/state-change/target/apidocs/index.html...
Generating /Users/millcj6/src/git/PluginExpress/state-change/target/apidocs/overview-summary.html...
Generating /Users/millcj6/src/git/PluginExpress/state-change/target/apidocs/help-doc.html...
[INFO] Building jar: /Users/millcj6/src/git/PluginExpress/state-change/target/StateChangePlugin-0.2.4-SNAPSHOT-javadoc.jar
[INFO]                                                                         
[INFO] ------------------------------------------------------------------------
[INFO] Building HyperExpress Linking Plugin 0.2.4-SNAPSHOT
[INFO] ------------------------------------------------------------------------
[INFO] 
[INFO] --- maven-clean-plugin:2.5:clean (default-clean) @ HyperExpressPlugin ---
[INFO] Deleting /Users/millcj6/src/git/PluginExpress/hyperexpress/target
[INFO] 
[INFO] --- maven-enforcer-plugin:1.0:enforce (enforce-maven) @ HyperExpressPlugin ---
[INFO] 
[INFO] --- maven-resources-plugin:2.6:resources (default-resources) @ HyperExpressPlugin ---
[INFO] Using 'UTF-8' encoding to copy filtered resources.
[INFO] skip non existing resourceDirectory /Users/millcj6/src/git/PluginExpress/hyperexpress/src/main/resources
[INFO] 
[INFO] --- maven-compiler-plugin:3.0:compile (default-compile) @ HyperExpressPlugin ---
[INFO] Changes detected - recompiling the module!
[INFO] Compiling 4 source files to /Users/millcj6/src/git/PluginExpress/hyperexpress/target/classes
[INFO] 
[INFO] --- maven-resources-plugin:2.6:testResources (default-testResources) @ HyperExpressPlugin ---
[INFO] Using 'UTF-8' encoding to copy filtered resources.
[INFO] skip non existing resourceDirectory /Users/millcj6/src/git/PluginExpress/hyperexpress/src/test/resources
[INFO] 
[INFO] --- maven-compiler-plugin:3.0:testCompile (default-testCompile) @ HyperExpressPlugin ---
[INFO] No sources to compile
[INFO] 
[INFO] --- maven-surefire-plugin:2.12.4:test (default-test) @ HyperExpressPlugin ---
[INFO] No tests to run.
[INFO] 
[INFO] --- maven-jar-plugin:2.4:jar (default-jar) @ HyperExpressPlugin ---
[INFO] Building jar: /Users/millcj6/src/git/PluginExpress/hyperexpress/target/HyperExpressPlugin-0.2.4-SNAPSHOT.jar
[INFO] 
[INFO] >>> maven-source-plugin:2.2.1:jar (attach-sources) @ HyperExpressPlugin >>>
[INFO] 
[INFO] --- maven-enforcer-plugin:1.0:enforce (enforce-maven) @ HyperExpressPlugin ---
[INFO] 
[INFO] <<< maven-source-plugin:2.2.1:jar (attach-sources) @ HyperExpressPlugin <<<
[INFO] 
[INFO] --- maven-source-plugin:2.2.1:jar (attach-sources) @ HyperExpressPlugin ---
[INFO] Building jar: /Users/millcj6/src/git/PluginExpress/hyperexpress/target/HyperExpressPlugin-0.2.4-SNAPSHOT-sources.jar
[INFO] 
[INFO] --- maven-javadoc-plugin:2.9:jar (attach-javadocs) @ HyperExpressPlugin ---
[INFO] 
Loading source files for package org.restexpress.plugin.hyperexpress...
Constructing Javadoc information...
Standard Doclet version 1.7.0_25
Building tree for all the packages and classes...
Generating /Users/millcj6/src/git/PluginExpress/hyperexpress/target/apidocs/org/restexpress/plugin/hyperexpress/HyperExpressPlugin.html...
Generating /Users/millcj6/src/git/PluginExpress/hyperexpress/target/apidocs/org/restexpress/plugin/hyperexpress/Linkable.html...
Generating /Users/millcj6/src/git/PluginExpress/hyperexpress/target/apidocs/org/restexpress/plugin/hyperexpress/LinkInjectionPostprocessor.html...
Generating /Users/millcj6/src/git/PluginExpress/hyperexpress/target/apidocs/org/restexpress/plugin/hyperexpress/RequestHeaderTokenBinder.html...
Generating /Users/millcj6/src/git/PluginExpress/hyperexpress/target/apidocs/org/restexpress/plugin/hyperexpress/package-frame.html...
Generating /Users/millcj6/src/git/PluginExpress/hyperexpress/target/apidocs/org/restexpress/plugin/hyperexpress/package-summary.html...
Generating /Users/millcj6/src/git/PluginExpress/hyperexpress/target/apidocs/org/restexpress/plugin/hyperexpress/package-tree.html...
Generating /Users/millcj6/src/git/PluginExpress/hyperexpress/target/apidocs/constant-values.html...
Generating /Users/millcj6/src/git/PluginExpress/hyperexpress/target/apidocs/org/restexpress/plugin/hyperexpress/class-use/RequestHeaderTokenBinder.html...
Generating /Users/millcj6/src/git/PluginExpress/hyperexpress/target/apidocs/org/restexpress/plugin/hyperexpress/class-use/LinkInjectionPostprocessor.html...
Generating /Users/millcj6/src/git/PluginExpress/hyperexpress/target/apidocs/org/restexpress/plugin/hyperexpress/class-use/Linkable.html...
Generating /Users/millcj6/src/git/PluginExpress/hyperexpress/target/apidocs/org/restexpress/plugin/hyperexpress/class-use/HyperExpressPlugin.html...
Generating /Users/millcj6/src/git/PluginExpress/hyperexpress/target/apidocs/org/restexpress/plugin/hyperexpress/package-use.html...
Building index for all the packages and classes...
Generating /Users/millcj6/src/git/PluginExpress/hyperexpress/target/apidocs/overview-tree.html...
Generating /Users/millcj6/src/git/PluginExpress/hyperexpress/target/apidocs/index-all.html...
Generating /Users/millcj6/src/git/PluginExpress/hyperexpress/target/apidocs/deprecated-list.html...
Building index for all classes...
Generating /Users/millcj6/src/git/PluginExpress/hyperexpress/target/apidocs/allclasses-frame.html...
Generating /Users/millcj6/src/git/PluginExpress/hyperexpress/target/apidocs/allclasses-noframe.html...
Generating /Users/millcj6/src/git/PluginExpress/hyperexpress/target/apidocs/index.html...
Generating /Users/millcj6/src/git/PluginExpress/hyperexpress/target/apidocs/help-doc.html...
[INFO] Building jar: /Users/millcj6/src/git/PluginExpress/hyperexpress/target/HyperExpressPlugin-0.2.4-SNAPSHOT-javadoc.jar
[INFO]                                                                         
[INFO] ------------------------------------------------------------------------
[INFO] Building X-Security Plugin 0.2.4-SNAPSHOT
[INFO] ------------------------------------------------------------------------
[INFO] 
[INFO] --- maven-clean-plugin:2.5:clean (default-clean) @ XSecurityPlugin ---
[INFO] Deleting /Users/millcj6/src/git/PluginExpress/x-security/target
[INFO] 
[INFO] --- maven-enforcer-plugin:1.0:enforce (enforce-maven) @ XSecurityPlugin ---
[INFO] 
[INFO] --- maven-resources-plugin:2.6:resources (default-resources) @ XSecurityPlugin ---
[INFO] Using 'UTF-8' encoding to copy filtered resources.
[INFO] skip non existing resourceDirectory /Users/millcj6/src/git/PluginExpress/x-security/src/main/resources
[INFO] 
[INFO] --- maven-compiler-plugin:3.0:compile (default-compile) @ XSecurityPlugin ---
[INFO] Changes detected - recompiling the module!
[INFO] Compiling 2 source files to /Users/millcj6/src/git/PluginExpress/x-security/target/classes
[INFO] 
[INFO] --- maven-resources-plugin:2.6:testResources (default-testResources) @ XSecurityPlugin ---
[INFO] Using 'UTF-8' encoding to copy filtered resources.
[INFO] skip non existing resourceDirectory /Users/millcj6/src/git/PluginExpress/x-security/src/test/resources
[INFO] 
[INFO] --- maven-compiler-plugin:3.0:testCompile (default-testCompile) @ XSecurityPlugin ---
[INFO] No sources to compile
[INFO] 
[INFO] --- maven-surefire-plugin:2.12.4:test (default-test) @ XSecurityPlugin ---
[INFO] No tests to run.
[INFO] 
[INFO] --- maven-jar-plugin:2.4:jar (default-jar) @ XSecurityPlugin ---
[INFO] Building jar: /Users/millcj6/src/git/PluginExpress/x-security/target/XSecurityPlugin-0.2.4-SNAPSHOT.jar
[INFO] 
[INFO] >>> maven-source-plugin:2.2.1:jar (attach-sources) @ XSecurityPlugin >>>
[INFO] 
[INFO] --- maven-enforcer-plugin:1.0:enforce (enforce-maven) @ XSecurityPlugin ---
[INFO] 
[INFO] <<< maven-source-plugin:2.2.1:jar (attach-sources) @ XSecurityPlugin <<<
[INFO] 
[INFO] --- maven-source-plugin:2.2.1:jar (attach-sources) @ XSecurityPlugin ---
[INFO] Building jar: /Users/millcj6/src/git/PluginExpress/x-security/target/XSecurityPlugin-0.2.4-SNAPSHOT-sources.jar
[INFO] 
[INFO] --- maven-javadoc-plugin:2.9:jar (attach-javadocs) @ XSecurityPlugin ---
[INFO] 
Loading source files for package com.strategicgains.restexpress.plugin.xsecurity...
Constructing Javadoc information...
Standard Doclet version 1.7.0_25
Building tree for all the packages and classes...
Generating /Users/millcj6/src/git/PluginExpress/x-security/target/apidocs/com/strategicgains/restexpress/plugin/xsecurity/XContentTypeOptionsHeaderPostprocessor.html...
Generating /Users/millcj6/src/git/PluginExpress/x-security/target/apidocs/com/strategicgains/restexpress/plugin/xsecurity/XSecurityPlugin.html...
Generating /Users/millcj6/src/git/PluginExpress/x-security/target/apidocs/com/strategicgains/restexpress/plugin/xsecurity/package-frame.html...
Generating /Users/millcj6/src/git/PluginExpress/x-security/target/apidocs/com/strategicgains/restexpress/plugin/xsecurity/package-summary.html...
Generating /Users/millcj6/src/git/PluginExpress/x-security/target/apidocs/com/strategicgains/restexpress/plugin/xsecurity/package-tree.html...
Generating /Users/millcj6/src/git/PluginExpress/x-security/target/apidocs/constant-values.html...
Generating /Users/millcj6/src/git/PluginExpress/x-security/target/apidocs/com/strategicgains/restexpress/plugin/xsecurity/class-use/XSecurityPlugin.html...
Generating /Users/millcj6/src/git/PluginExpress/x-security/target/apidocs/com/strategicgains/restexpress/plugin/xsecurity/class-use/XContentTypeOptionsHeaderPostprocessor.html...
Generating /Users/millcj6/src/git/PluginExpress/x-security/target/apidocs/com/strategicgains/restexpress/plugin/xsecurity/package-use.html...
Building index for all the packages and classes...
Generating /Users/millcj6/src/git/PluginExpress/x-security/target/apidocs/overview-tree.html...
Generating /Users/millcj6/src/git/PluginExpress/x-security/target/apidocs/index-all.html...
Generating /Users/millcj6/src/git/PluginExpress/x-security/target/apidocs/deprecated-list.html...
Building index for all classes...
Generating /Users/millcj6/src/git/PluginExpress/x-security/target/apidocs/allclasses-frame.html...
Generating /Users/millcj6/src/git/PluginExpress/x-security/target/apidocs/allclasses-noframe.html...
Generating /Users/millcj6/src/git/PluginExpress/x-security/target/apidocs/index.html...
Generating /Users/millcj6/src/git/PluginExpress/x-security/target/apidocs/help-doc.html...
[INFO] Building jar: /Users/millcj6/src/git/PluginExpress/x-security/target/XSecurityPlugin-0.2.4-SNAPSHOT-javadoc.jar
[INFO] ------------------------------------------------------------------------
[INFO] Reactor Summary:
[INFO] 
[INFO] PluginExpress ..................................... SUCCESS [1.589s]
[INFO] CORS Plugin ....................................... SUCCESS [3.366s]
[INFO] Route Metadata Plugin ............................. SUCCESS [1.090s]
[INFO] Cache-Control Plugin .............................. SUCCESS [1.128s]
[INFO] Metrics Plugin .................................... SUCCESS [1.251s]
[INFO] Swagger Plugin .................................... SUCCESS [5.996s]
[INFO] State-Change Plugin ............................... SUCCESS [2.060s]
[INFO] HyperExpress Linking Plugin ....................... SUCCESS [1.214s]
[INFO] X-Security Plugin ................................. SUCCESS [1.010s]
[INFO] ------------------------------------------------------------------------
[INFO] BUILD SUCCESS
[INFO] ------------------------------------------------------------------------
[INFO] Total time: 18.886s
[INFO] Finished at: Tue Jul 08 13:42:17 MDT 2014
[INFO] Final Memory: 23M/60M
[INFO] ------------------------------------------------------------------------
